<?xml version="1.0" encoding="UTF-8"?>
<!-- Generated by org.testng.reporters.JUnitReportReporter -->
<testsuite hostname="user-PC" name="Qst1.Demo" tests="1" failures="0" timestamp="24 Aug 2017 14:56:28 GMT" time="0.007" errors="0">
  <testcase name="checkJenkins" time="0.007" classname="Qst1.Demo"/>
</testsuite> <!-- Qst1.Demo -->
